{"numFailedTestSuites":0,"numFailedTests":0,"numPassedTestSuites":13,"numPassedTests":43,"numPendingTestSuites":3,"numPendingTests":11,"numRuntimeErrorTestSuites":0,"numTodoTests":0,"numTotalTestSuites":16,"numTotalTests":54,"openHandles":[],"snapshot":{"added":0,"didUpdate":false,"failure":false,"filesAdded":0,"filesRemoved":0,"filesRemovedList":[],"filesUnmatched":0,"filesUpdated":0,"matched":0,"total":0,"unchecked":0,"uncheckedKeysByFile":[],"unmatched":0,"updated":0},"startTime":1680252848412,"success":true,"testResults":[{"assertionResults":[{"ancestorTitles":["Public API - /tables endpoints"],"duration":618,"failureMessages":[],"fullName":"Public API - /tables endpoints POST - Create a table","location":null,"status":"passed","title":"POST - Create a table"},{"ancestorTitles":["Public API - /tables endpoints"],"duration":452,"failureMessages":[],"fullName":"Public API - /tables endpoints POST - Search tables","location":null,"status":"passed","title":"POST - Search tables"},{"ancestorTitles":["Public API - /tables endpoints"],"duration":417,"failureMessages":[],"fullName":"Public API - /tables endpoints GET - Retrieve a table","location":null,"status":"passed","title":"GET - Retrieve a table"},{"ancestorTitles":["Public API - /tables endpoints"],"duration":564,"failureMessages":[],"fullName":"Public API - /tables endpoints PUT - update a table","location":null,"status":"passed","title":"PUT - update a table"}],"endTime":1680252858665,"message":"","name":"/Users/mmckeaveney/Dev/budibase/budibase/qa-core/src/tests/public-api/tables/tables.spec.ts","startTime":1680252848455,"status":"passed","summary":""},{"assertionResults":[{"ancestorTitles":["Internal API - Table Operations"],"duration":5745,"failureMessages":[],"fullName":"Internal API - Table Operations Create and delete table, columns and rows","location":null,"status":"passed","title":"Create and delete table, columns and rows"},{"ancestorTitles":["Internal API - Table Operations"],"duration":9264,"failureMessages":[],"fullName":"Internal API - Table Operations Search and pagination","location":null,"status":"passed","title":"Search and pagination"}],"endTime":1680252877466,"message":"","name":"/Users/mmckeaveney/Dev/budibase/budibase/qa-core/src/tests/internal-api/tables/tables.spec.ts","startTime":1680252858687,"status":"passed","summary":""},{"assertionResults":[{"ancestorTitles":["Internal API - App Specific Roles & Permissions"],"duration":3347,"failureMessages":[],"fullName":"Internal API - App Specific Roles & Permissions Add BASIC user to app","location":null,"status":"passed","title":"Add BASIC user to app"},{"ancestorTitles":["Internal API - App Specific Roles & Permissions"],"duration":4828,"failureMessages":[],"fullName":"Internal API - App Specific Roles & Permissions Add ADMIN user to app","location":null,"status":"passed","title":"Add ADMIN user to app"},{"ancestorTitles":["Internal API - App Specific Roles & Permissions"],"duration":2666,"failureMessages":[],"fullName":"Internal API - App Specific Roles & Permissions Add POWER user to app","location":null,"status":"passed","title":"Add POWER user to app"}],"endTime":1680252895455,"message":"","name":"/Users/mmckeaveney/Dev/budibase/budibase/qa-core/src/tests/internal-api/userManagement/appSpecificRoles.spec.ts","startTime":1680252877470,"status":"passed","summary":""},{"assertionResults":[{"ancestorTitles":["Public API - /applications endpoints"],"duration":1451,"failureMessages":[],"fullName":"Public API - /applications endpoints POST - Create an application","location":null,"status":"passed","title":"POST - Create an application"},{"ancestorTitles":["Public API - /applications endpoints"],"duration":394,"failureMessages":[],"fullName":"Public API - /applications endpoints POST - Search applications","location":null,"status":"passed","title":"POST - Search applications"},{"ancestorTitles":["Public API - /applications endpoints"],"duration":287,"failureMessages":[],"fullName":"Public API - /applications endpoints GET - Retrieve an application","location":null,"status":"passed","title":"GET - Retrieve an application"},{"ancestorTitles":["Public API - /applications endpoints"],"duration":598,"failureMessages":[],"fullName":"Public API - /applications endpoints PUT - update an application","location":null,"status":"passed","title":"PUT - update an application"},{"ancestorTitles":["Public API - /applications endpoints"],"duration":1600,"failureMessages":[],"fullName":"Public API - /applications endpoints POST - publish an application","location":null,"status":"passed","title":"POST - publish an application"},{"ancestorTitles":["Public API - /applications endpoints"],"duration":1703,"failureMessages":[],"fullName":"Public API - /applications endpoints POST - unpublish a published application","location":null,"status":"passed","title":"POST - unpublish a published application"},{"ancestorTitles":["Public API - /applications endpoints"],"duration":281,"failureMessages":[],"fullName":"Public API - /applications endpoints POST - unpublish an unpublished application","location":null,"status":"passed","title":"POST - unpublish an unpublished application"},{"ancestorTitles":["Public API - /applications endpoints"],"duration":3600,"failureMessages":[],"fullName":"Public API - /applications endpoints DELETE - delete a published application and the dev application","location":null,"status":"passed","title":"DELETE - delete a published application and the dev application"}],"endTime":1680252912092,"message":"","name":"/Users/mmckeaveney/Dev/budibase/budibase/qa-core/src/tests/public-api/applications/applications.spec.ts","startTime":1680252895461,"status":"passed","summary":""},{"assertionResults":[{"ancestorTitles":["Public API - /rows endpoints"],"duration":707,"failureMessages":[],"fullName":"Public API - /rows endpoints POST - Create a row","location":null,"status":"passed","title":"POST - Create a row"},{"ancestorTitles":["Public API - /rows endpoints"],"duration":539,"failureMessages":[],"fullName":"Public API - /rows endpoints POST - Search rows","location":null,"status":"passed","title":"POST - Search rows"},{"ancestorTitles":["Public API - /rows endpoints"],"duration":485,"failureMessages":[],"fullName":"Public API - /rows endpoints GET - Retrieve a row","location":null,"status":"passed","title":"GET - Retrieve a row"},{"ancestorTitles":["Public API - /rows endpoints"],"duration":523,"failureMessages":[],"fullName":"Public API - /rows endpoints PUT - update a row","location":null,"status":"passed","title":"PUT - update a row"}],"endTime":1680252922198,"message":"","name":"/Users/mmckeaveney/Dev/budibase/budibase/qa-core/src/tests/public-api/tables/rows.spec.ts","startTime":1680252912095,"status":"passed","summary":""},{"assertionResults":[{"ancestorTitles":["Internal API - Application creation, update, publish and delete"],"duration":3436,"failureMessages":[],"fullName":"Internal API - Application creation, update, publish and delete Publish app","location":null,"status":"passed","title":"Publish app"},{"ancestorTitles":["Internal API - Application creation, update, publish and delete"],"duration":1536,"failureMessages":[],"fullName":"Internal API - Application creation, update, publish and delete Sync application before deployment","location":null,"status":"passed","title":"Sync application before deployment"},{"ancestorTitles":["Internal API - Application creation, update, publish and delete"],"duration":2437,"failureMessages":[],"fullName":"Internal API - Application creation, update, publish and delete Sync application after deployment","location":null,"status":"passed","title":"Sync application after deployment"}],"endTime":1680252933953,"message":"","name":"/Users/mmckeaveney/Dev/budibase/budibase/qa-core/src/tests/internal-api/applications/publish.spec.ts","startTime":1680252922204,"status":"passed","summary":""},{"assertionResults":[{"ancestorTitles":["Internal API - Application creation, update, publish and delete"],"duration":1446,"failureMessages":[],"fullName":"Internal API - Application creation, update, publish and delete Update an application","location":null,"status":"passed","title":"Update an application"},{"ancestorTitles":["Internal API - Application creation, update, publish and delete"],"duration":1340,"failureMessages":[],"fullName":"Internal API - Application creation, update, publish and delete Revert Changes without changes","location":null,"status":"passed","title":"Revert Changes without changes"},{"ancestorTitles":["Internal API - Application creation, update, publish and delete"],"duration":3503,"failureMessages":[],"fullName":"Internal API - Application creation, update, publish and delete Revert Changes","location":null,"status":"passed","title":"Revert Changes"}],"endTime":1680252944301,"message":"","name":"/Users/mmckeaveney/Dev/budibase/budibase/qa-core/src/tests/internal-api/applications/update.spec.ts","startTime":1680252933960,"status":"passed","summary":""},{"assertionResults":[{"ancestorTitles":["Internal API - /screens endpoints"],"duration":2755,"failureMessages":[],"fullName":"Internal API - /screens endpoints Create a screen with each role type","location":null,"status":"passed","title":"Create a screen with each role type"},{"ancestorTitles":["Internal API - /screens endpoints"],"duration":1781,"failureMessages":[],"fullName":"Internal API - /screens endpoints Get screens","location":null,"status":"passed","title":"Get screens"},{"ancestorTitles":["Internal API - /screens endpoints"],"duration":1510,"failureMessages":[],"fullName":"Internal API - /screens endpoints Delete a screen","location":null,"status":"passed","title":"Delete a screen"}],"endTime":1680252953882,"message":"","name":"/Users/mmckeaveney/Dev/budibase/budibase/qa-core/src/tests/internal-api/screens/screens.spec.ts","startTime":1680252944309,"status":"passed","summary":""},{"assertionResults":[{"ancestorTitles":["Internal API - User Management & Permissions"],"duration":2103,"failureMessages":[],"fullName":"Internal API - User Management & Permissions Add Users with different roles","location":null,"status":"passed","title":"Add Users with different roles"},{"ancestorTitles":["Internal API - User Management & Permissions"],"duration":1198,"failureMessages":[],"fullName":"Internal API - User Management & Permissions Delete User","location":null,"status":"passed","title":"Delete User"},{"ancestorTitles":["Internal API - User Management & Permissions"],"duration":1945,"failureMessages":[],"fullName":"Internal API - User Management & Permissions Reset Password","location":null,"status":"passed","title":"Reset Password"},{"ancestorTitles":["Internal API - User Management & Permissions"],"duration":1835,"failureMessages":[],"fullName":"Internal API - User Management & Permissions Change User information","location":null,"status":"passed","title":"Change User information"}],"endTime":1680252964365,"message":"","name":"/Users/mmckeaveney/Dev/budibase/budibase/qa-core/src/tests/internal-api/userManagement/userManagement.spec.ts","startTime":1680252953891,"status":"passed","summary":""},{"assertionResults":[{"ancestorTitles":["Internal API - Application creation"],"duration":550,"failureMessages":[],"fullName":"Internal API - Application creation Get applications without applications","location":null,"status":"passed","title":"Get applications without applications"},{"ancestorTitles":["Internal API - Application creation"],"duration":1422,"failureMessages":[],"fullName":"Internal API - Application creation Get all Applications after creating an application","location":null,"status":"passed","title":"Get all Applications after creating an application"},{"ancestorTitles":["Internal API - Application creation"],"duration":1793,"failureMessages":[],"fullName":"Internal API - Application creation Get application details","location":null,"status":"passed","title":"Get application details"}],"endTime":1680252971547,"message":"","name":"/Users/mmckeaveney/Dev/budibase/budibase/qa-core/src/tests/internal-api/applications/create.spec.ts","startTime":1680252964367,"status":"passed","summary":""},{"assertionResults":[{"ancestorTitles":["Internal API - Data Sources"],"duration":2549,"failureMessages":[],"fullName":"Internal API - Data Sources Create an app with a data source","location":null,"status":"passed","title":"Create an app with a data source"}],"endTime":1680252977734,"message":"","name":"/Users/mmckeaveney/Dev/budibase/budibase/qa-core/src/tests/internal-api/dataSources/example.spec.ts","startTime":1680252971557,"status":"passed","summary":""},{"assertionResults":[{"ancestorTitles":["Internal API - Application creation, update, publish and delete"],"duration":2246,"failureMessages":[],"fullName":"Internal API - Application creation, update, publish and delete DELETE - Delete an application","location":null,"status":"passed","title":"DELETE - Delete an application"}],"endTime":1680252983240,"message":"","name":"/Users/mmckeaveney/Dev/budibase/budibase/qa-core/src/tests/internal-api/applications/delete.spec.ts","startTime":1680252977736,"status":"passed","summary":""},{"assertionResults":[{"ancestorTitles":["Internal API - App Specific Roles & Permissions"],"duration":null,"failureMessages":[],"fullName":"Internal API - App Specific Roles & Permissions Custom role access for level 1 permissions","location":null,"status":"pending","title":"Custom role access for level 1 permissions"},{"ancestorTitles":["Internal API - App Specific Roles & Permissions"],"duration":null,"failureMessages":[],"fullName":"Internal API - App Specific Roles & Permissions Custom role access for level 2 permissions","location":null,"status":"pending","title":"Custom role access for level 2 permissions"},{"ancestorTitles":["Internal API - App Specific Roles & Permissions"],"duration":null,"failureMessages":[],"fullName":"Internal API - App Specific Roles & Permissions Custom role access for level 3 permissions","location":null,"status":"pending","title":"Custom role access for level 3 permissions"},{"ancestorTitles":["Internal API - App Specific Roles & Permissions"],"duration":null,"failureMessages":[],"fullName":"Internal API - App Specific Roles & Permissions Custom role access for level 4 permissions","location":null,"status":"pending","title":"Custom role access for level 4 permissions"},{"ancestorTitles":["Internal API - App Specific Roles & Permissions"],"duration":null,"failureMessages":[],"fullName":"Internal API - App Specific Roles & Permissions Custom role access for level 5 permissions","location":null,"status":"pending","title":"Custom role access for level 5 permissions"}],"endTime":1680252983736,"message":"","name":"/Users/mmckeaveney/Dev/budibase/budibase/qa-core/src/tests/internal-api/userManagement/customRoles.spec.ts","startTime":1680252983252,"status":"passed","summary":""},{"assertionResults":[{"ancestorTitles":["Internal API - Role screen access"],"duration":null,"failureMessages":[],"fullName":"Internal API - Role screen access Check Screen access for BASIC Role","location":null,"status":"pending","title":"Check Screen access for BASIC Role"},{"ancestorTitles":["Internal API - Role screen access"],"duration":null,"failureMessages":[],"fullName":"Internal API - Role screen access Check Screen access for POWER role","location":null,"status":"pending","title":"Check Screen access for POWER role"},{"ancestorTitles":["Internal API - Role screen access"],"duration":null,"failureMessages":[],"fullName":"Internal API - Role screen access Check Screen access for ADMIN role","location":null,"status":"pending","title":"Check Screen access for ADMIN role"}],"endTime":1680252983986,"message":"","name":"/Users/mmckeaveney/Dev/budibase/budibase/qa-core/src/tests/internal-api/userManagement/screenAccess.spec.ts","startTime":1680252983739,"status":"passed","summary":""},{"assertionResults":[{"ancestorTitles":["Internal API - Role table access"],"duration":null,"failureMessages":[],"fullName":"Internal API - Role table access Check Table access for app user","location":null,"status":"pending","title":"Check Table access for app user"},{"ancestorTitles":["Internal API - Role table access"],"duration":null,"failureMessages":[],"fullName":"Internal API - Role table access Check Table access for developer","location":null,"status":"pending","title":"Check Table access for developer"},{"ancestorTitles":["Internal API - Role table access"],"duration":null,"failureMessages":[],"fullName":"Internal API - Role table access Check Table access for admin","location":null,"status":"pending","title":"Check Table access for admin"}],"endTime":1680252984086,"message":"","name":"/Users/mmckeaveney/Dev/budibase/budibase/qa-core/src/tests/internal-api/userManagement/tableAccess.spec.ts","startTime":1680252983988,"status":"passed","summary":""},{"assertionResults":[{"ancestorTitles":["Public API - /users endpoints"],"duration":813,"failureMessages":[],"fullName":"Public API - /users endpoints POST - Create a user","location":null,"status":"passed","title":"POST - Create a user"},{"ancestorTitles":["Public API - /users endpoints"],"duration":491,"failureMessages":[],"fullName":"Public API - /users endpoints POST - Search users","location":null,"status":"passed","title":"POST - Search users"},{"ancestorTitles":["Public API - /users endpoints"],"duration":270,"failureMessages":[],"fullName":"Public API - /users endpoints GET - Retrieve a user","location":null,"status":"passed","title":"GET - Retrieve a user"},{"ancestorTitles":["Public API - /users endpoints"],"duration":652,"failureMessages":[],"fullName":"Public API - /users endpoints PUT - update a user","location":null,"status":"passed","title":"PUT - update a user"}],"endTime":1680252992939,"message":"","name":"/Users/mmckeaveney/Dev/budibase/budibase/qa-core/src/tests/public-api/users/users.spec.ts","startTime":1680252984088,"status":"passed","summary":""}],"wasInterrupted":false}